Arguments: 
  C:\Program Files\nodejs\node.exe C:\Users\saman\AppData\Roaming\npm\node_modules\yarn\bin\yarn.js install

PATH: 
  C:\Python311\Scripts\;C:\Python311\;C:\windows\system32;C:\windows;C:\windows\System32\Wbem;C:\windows\System32\WindowsPowerShell\v1.0\;C:\windows\System32\OpenSSH\;C:\Program Files\Git\cmd;C:\Program Files\nodejs\;C:\ProgramData\chocolatey\bin;C:\Users\saman\AppData\Local\Microsoft\WindowsApps;;C:\Users\saman\AppData\Local\Programs\Microsoft VS Code\bin;C:\Users\saman\AppData\Roaming\npm

Yarn version: 
  1.22.19

Node version: 
  18.17.0

Platform: 
  win32 x64

Trace: 
  Error: getaddrinfo ENOTFOUND infyartifactory.ad.infosys.com
      at GetAddrInfoReqWrap.onlookup [as oncomplete] (node:dns:108:26)

npm manifest: 
  {
    "name": "twitter-backend",
    "version": "1.0.0",
    "description": "",
    "main": "index.js",
    "scripts": {
      "start": "nodemon src/index.js",
      "test": "jest"
    },
    "author": "",
    "license": "ISC",
    "dependencies": {
      "aws-sdk": "^2.1379.0",
      "bcrypt": "^5.1.0",
      "body-parser": "^1.20.2",
      "cookie-parser": "^1.4.6",
      "cors": "^2.8.5",
      "dotenv": "^16.0.3",
      "express": "^4.18.2",
      "http": "^0.0.1-security",
      "jsonwebtoken": "^9.0.0",
      "mongoose": "^7.1.0",
      "multer": "^1.4.5-lts.1",
      "multer-s3": "^2.10.0",
      "nodejs": "^0.0.0",
      "nodemon": "^2.0.22",
      "socket.io": "^4.7.1"
    },
    "devDependencies": {
      "jest": "^29.5.0"
    }
  }

yarn manifest: 
  No manifest

Lockfile: 
  No lockfile
